<?xml version="1.0" encoding="UTF-8"?>
<!-- Generated by org.testng.reporters.JUnitXMLReporter -->
<testsuite ignored="1" hostname="LP0041710" failures="0" tests="4" name="SDLC Login" time="21.952" errors="0" timestamp="2025-02-12T10:05:16 CST">
  <testcase classname="com.salesForce.Test.SDLCLoginTest" name="loginErrorMsg" time="1.335"/>
  <testcase classname="com.salesForce.Test.SDLCLoginTest" name="loginToSalesForce" time="4.676"/>
  <testcase classname="com.salesForce.Test.SDLCLoginTest" name="checkRememberMe" time="5.162"/>
  <testcase classname="com.salesForce.Test.SDLCLoginTest" name="forgotPsw" time="1.682"/>
  <testcase classname="com.salesForce.Test.SDLCLoginTest" name="inCorrectCredentialErrorMsg" time="0.0">
    <ignored/>
  </testcase> <!-- inCorrectCredentialErrorMsg -->
</testsuite> <!-- SDLC Login -->
