<?xml version="1.0" encoding="UTF-8"?>
<!-- Generated by org.testng.reporters.JUnitXMLReporter -->
<testsuite ignored="4" hostname="LP0041710" failures="0" tests="1" name="Default test" time="4.654" errors="0" timestamp="2024-12-14T17:34:05 CST">
  <testcase classname="com.salesForce.Test.SDLCLoginTest" name="loginErrorMsg" time="1.982"/>
  <testcase classname="com.salesForce.Test.SDLCLoginTest" name="inCorrectCredentialErrorMsg" time="0.0">
    <ignored/>
  </testcase> <!-- inCorrectCredentialErrorMsg -->
  <testcase classname="com.salesForce.Test.SDLCLoginTest" name="forgotPsw" time="0.0">
    <ignored/>
  </testcase> <!-- forgotPsw -->
  <testcase classname="com.salesForce.Test.SDLCLoginTest" name="loginToSalesForce" time="0.0">
    <ignored/>
  </testcase> <!-- loginToSalesForce -->
  <testcase classname="com.salesForce.Test.SDLCLoginTest" name="checkRememberMe" time="0.0">
    <ignored/>
  </testcase> <!-- checkRememberMe -->
</testsuite> <!-- Default test -->
