<?xml version="1.0" encoding="UTF-8"?>
<!-- Generated by org.testng.reporters.JUnitXMLReporter -->
<testsuite ignored="7" hostname="LP0041710" failures="0" tests="2" name="Default test" time="8.962" errors="0" timestamp="2025-03-13T14:47:26 CDT">
  <testcase classname="com.salesForce.Test.SDLCLoginTest" name="inCorrectCredentialErrorMsgExcel" time="0.945"/>
  <testcase classname="com.salesForce.Test.SDLCLoginTest" name="inCorrectCredentialErrorMsgExcel" time="1.118"/>
  <testcase classname="com.salesForce.Test.SDLCLoginTest" name="inCorrectCredentialErrorMsgMap" time="0.0">
    <ignored/>
  </testcase> <!-- inCorrectCredentialErrorMsgMap -->
  <testcase classname="com.salesForce.Test.SDLCLoginTest" name="loginErrorMsg" time="0.0">
    <ignored/>
  </testcase> <!-- loginErrorMsg -->
  <testcase classname="com.salesForce.Test.SDLCLoginTest" name="inCorrectCredentialErrorMsg" time="0.0">
    <ignored/>
  </testcase> <!-- inCorrectCredentialErrorMsg -->
  <testcase classname="com.salesForce.Test.SDLCLoginTest" name="inCorrectCredentialErrorMsgExcelinvalid" time="0.0">
    <ignored/>
  </testcase> <!-- inCorrectCredentialErrorMsgExcelinvalid -->
  <testcase classname="com.salesForce.Test.SDLCLoginTest" name="forgotPsw" time="0.0">
    <ignored/>
  </testcase> <!-- forgotPsw -->
  <testcase classname="com.salesForce.Test.SDLCLoginTest" name="loginToSalesForce" time="0.0">
    <ignored/>
  </testcase> <!-- loginToSalesForce -->
  <testcase classname="com.salesForce.Test.SDLCLoginTest" name="checkRememberMe" time="0.0">
    <ignored/>
  </testcase> <!-- checkRememberMe -->
</testsuite> <!-- Default test -->
