<?xml version="1.0" encoding="UTF-8"?>
<!-- Generated by org.testng.reporters.JUnitXMLReporter -->
<testsuite ignored="0" hostname="LP0041710" failures="0" tests="5" name="SDLC Login" time="33.237" errors="0" timestamp="2024-12-14T22:56:52 CST">
  <testcase classname="com.salesForce.Test.SDLCLoginTest" name="inCorrectCredentialErrorMsg" time="3.113"/>
  <testcase classname="com.salesForce.Test.SDLCLoginTest" name="loginErrorMsg" time="2.335"/>
  <testcase classname="com.salesForce.Test.SDLCLoginTest" name="loginToSalesForce" time="5.719"/>
  <testcase classname="com.salesForce.Test.SDLCLoginTest" name="checkRememberMe" time="6.722"/>
  <testcase classname="com.salesForce.Test.SDLCLoginTest" name="forgotPsw" time="2.643"/>
</testsuite> <!-- SDLC Login -->
