<?xml version="1.0" encoding="UTF-8"?>
<!-- Generated by org.testng.reporters.JUnitXMLReporter -->
<testsuite ignored="0" hostname="LP0041710" failures="0" tests="5" name="SDLC Login" time="45.683" errors="0" timestamp="2024-12-16T10:18:47 CST">
  <testcase classname="com.salesForce.Test.SDLCLoginTest" name="inCorrectCredentialErrorMsg" time="2.515"/>
  <testcase classname="com.salesForce.Test.SDLCLoginTest" name="loginErrorMsg" time="2.457"/>
  <testcase classname="com.salesForce.Test.SDLCLoginTest" name="loginToSalesForce" time="5.911"/>
  <testcase classname="com.salesForce.Test.SDLCLoginTest" name="checkRememberMe" time="9.97"/>
  <testcase classname="com.salesForce.Test.SDLCLoginTest" name="forgotPsw" time="2.292"/>
</testsuite> <!-- SDLC Login -->
