<?xml version="1.0" encoding="UTF-8"?>
<!-- Generated by org.testng.reporters.JUnitXMLReporter -->
<testsuite ignored="0" hostname="LP0041710" failures="0" tests="5" name="SDLC Login" time="42.633" errors="0" timestamp="2024-12-14T00:46:28 CST">
  <testcase classname="com.salesForce.Test.SDLCLoginTest" name="inCorrectCredentialErrorMsg" time="3.47"/>
  <testcase classname="com.salesForce.Test.SDLCLoginTest" name="loginErrorMsg" time="2.742"/>
  <testcase classname="com.salesForce.Test.SDLCLoginTest" name="loginToSalesForce" time="6.216"/>
  <testcase classname="com.salesForce.Test.SDLCLoginTest" name="checkRememberMe" time="7.035"/>
  <testcase classname="com.salesForce.Test.SDLCLoginTest" name="forgotPsw" time="3.054"/>
</testsuite> <!-- SDLC Login -->
