<?xml version="1.0" encoding="UTF-8"?>
<testsuite xmlns:xsi="http://www.w3.org/2001/XMLSchema-instance" xsi:noNamespaceSchemaLocation="https://maven.apache.org/surefire/maven-surefire-plugin/xsd/surefire-test-report.xsd" version="3.0.2" name="TestSuite" time="46.908" tests="5" errors="0" skipped="0" failures="0">
  <properties>
[...]
</properties>
  <testcase name="inCorrectCredentialErrorMsg" classname="com.salesForce.Test.SDLCLoginTest" time="2.511">
    <system-out><![CDATA[monica@mjr.com
Jesus@25
Step 1: As soon as test is triggered @BeforeMethod is called 
Step 2:Base Test Java class is called with the browser from the test class
firefox
firefox - browserName
https://login.salesforce.com/
Step 3: PageFactory
Step 3: PageFactory
Step 3: PageFactory
Step 3: PageFactory
 Test Case 4B -loginErrorMsg method is called
Please check your username and password. If you still can't log in, contact your Salesforce administrator.
]]></system-out>
    <system-err><![CDATA[SLF4J(W): No SLF4J providers were found.
SLF4J(W): Defaulting to no-operation (NOP) logger implementation
SLF4J(W): See https://www.slf4j.org/codes.html#noProviders for further details.
Starting ChromeDriver 131.0.6778.108 (3b014839fbc4fb688b2f5af512d6ce312ad208b1-refs/branch-heads/6778@{#2393}) on port 60513
Only local connections are allowed.
Please see https://chromedriver.chromium.org/security-considerations for suggestions on keeping ChromeDriver safe.
ChromeDriver was started successfully on port 60513.
Dec 16, 2024 10:18:07 AM org.openqa.selenium.remote.ProtocolHandshake createSession
INFO: Detected dialect: W3C
]]></system-err>
  </testcase>
  <testcase name="loginErrorMsg" classname="com.salesForce.Test.SDLCLoginTest" time="2.458">
    <system-out><![CDATA[Step 5: @AfterTestMethod is called to close the browser
Step 1: As soon as test is triggered @BeforeMethod is called 
Step 2:Base Test Java class is called with the browser from the test class
firefox
firefox - browserName
https://login.salesforce.com/
Step 3: PageFactory
Step 3: PageFactory
Step 3: PageFactory
Step 3: PageFactory
Step 4: @Test Test Case 1 -loginToError method is called
Please enter your password.
]]></system-out>
    <system-err><![CDATA[Starting ChromeDriver 131.0.6778.108 (3b014839fbc4fb688b2f5af512d6ce312ad208b1-refs/branch-heads/6778@{#2393}) on port 29969
Only local connections are allowed.
Please see https://chromedriver.chromium.org/security-considerations for suggestions on keeping ChromeDriver safe.
ChromeDriver was started successfully on port 29969.
Dec 16, 2024 10:18:14 AM org.openqa.selenium.remote.ProtocolHandshake createSession
INFO: Detected dialect: W3C
]]></system-err>
  </testcase>
  <testcase name="loginToSalesForce" classname="com.salesForce.Test.SDLCLoginTest" time="5.91">
    <system-out><![CDATA[Step 5: @AfterTestMethod is called to close the browser
Step 1: As soon as test is triggered @BeforeMethod is called 
Step 2:Base Test Java class is called with the browser from the test class
firefox
firefox - browserName
https://login.salesforce.com/
Step 3: PageFactory
Step 3: PageFactory
Step 3: PageFactory
Step 3: PageFactory
Step 4: @Test Test Case 2 -loginToSalesForce method is called
UserName is :monica@mjr.com
Password is: Jesus@25
true
Build App
]]></system-out>
    <system-err><![CDATA[Starting ChromeDriver 131.0.6778.108 (3b014839fbc4fb688b2f5af512d6ce312ad208b1-refs/branch-heads/6778@{#2393}) on port 53130
Only local connections are allowed.
Please see https://chromedriver.chromium.org/security-considerations for suggestions on keeping ChromeDriver safe.
ChromeDriver was started successfully on port 53130.
Dec 16, 2024 10:18:20 AM org.openqa.selenium.remote.ProtocolHandshake createSession
INFO: Detected dialect: W3C
]]></system-err>
  </testcase>
  <testcase name="checkRememberMe" classname="com.salesForce.Test.SDLCLoginTest" time="9.97">
    <system-out><![CDATA[Step 5: @AfterTestMethod is called to close the browser
Step 1: As soon as test is triggered @BeforeMethod is called 
Step 2:Base Test Java class is called with the browser from the test class
firefox
firefox - browserName
https://login.salesforce.com/
Step 3: PageFactory
Step 3: PageFactory
Step 3: PageFactory
Step 3: PageFactory
Test Case 3 - checkRememberMe method is called
true
Actual Username is:monica@mjr.com
Attribut Checked Value After clicktrue
]]></system-out>
    <system-err><![CDATA[Starting ChromeDriver 131.0.6778.108 (3b014839fbc4fb688b2f5af512d6ce312ad208b1-refs/branch-heads/6778@{#2393}) on port 14378
Only local connections are allowed.
Please see https://chromedriver.chromium.org/security-considerations for suggestions on keeping ChromeDriver safe.
ChromeDriver was started successfully on port 14378.
Dec 16, 2024 10:18:30 AM org.openqa.selenium.remote.ProtocolHandshake createSession
INFO: Detected dialect: W3C
]]></system-err>
  </testcase>
  <testcase name="forgotPsw" classname="com.salesForce.Test.SDLCLoginTest" time="2.29">
    <system-out><![CDATA[Step 5: @AfterTestMethod is called to close the browser
Step 1: As soon as test is triggered @BeforeMethod is called 
Step 2:Base Test Java class is called with the browser from the test class
firefox
firefox - browserName
https://login.salesforce.com/
Step 3: PageFactory
Step 3: PageFactory
Step 3: PageFactory
Step 3: PageFactory
Test Case 4A - forgotPsw method is called
]]></system-out>
    <system-err><![CDATA[Starting ChromeDriver 131.0.6778.108 (3b014839fbc4fb688b2f5af512d6ce312ad208b1-refs/branch-heads/6778@{#2393}) on port 11549
Only local connections are allowed.
Please see https://chromedriver.chromium.org/security-considerations for suggestions on keeping ChromeDriver safe.
ChromeDriver was started successfully on port 11549.
Dec 16, 2024 10:18:43 AM org.openqa.selenium.remote.ProtocolHandshake createSession
INFO: Detected dialect: W3C
]]></system-err>
  </testcase>
</testsuite>