<?xml version="1.0" encoding="UTF-8"?>
<testng-results ignored="0" total="5" passed="5" failed="0" skipped="0">
  <reporter-output>
  </reporter-output>
  <suite started-at="2024-12-16T10:18:02 CST" name="SalesForece" finished-at="2024-12-16T10:18:47 CST" duration-ms="45683">
    <groups>
    </groups>
    <test started-at="2024-12-16T10:18:02 CST" name="SDLC Login" finished-at="2024-12-16T10:18:47 CST" duration-ms="45683">
      <class name="com.salesForce.Test.SDLCLoginTest">
        <test-method is-config="true" signature="passDriver()[pri:0, instance:com.salesForce.Test.SDLCLoginTest@7714e963]" started-at="2024-12-16T10:18:02 CST" name="passDriver" finished-at="2024-12-16T10:18:09 CST" duration-ms="6739" status="PASS">
          <reporter-output>
          </reporter-output>
        </test-method> <!-- passDriver -->
        <test-method signature="inCorrectCredentialErrorMsg()[pri:0, instance:com.salesForce.Test.SDLCLoginTest@7714e963]" started-at="2024-12-16T10:18:09 CST" name="inCorrectCredentialErrorMsg" finished-at="2024-12-16T10:18:11 CST" duration-ms="2515" status="PASS">
          <reporter-output>
          </reporter-output>
        </test-method> <!-- inCorrectCredentialErrorMsg -->
        <test-method is-config="true" signature="tearDown()[pri:0, instance:com.salesForce.Test.SDLCLoginTest@7714e963]" started-at="2024-12-16T10:18:11 CST" name="tearDown" finished-at="2024-12-16T10:18:12 CST" duration-ms="399" status="PASS">
          <reporter-output>
          </reporter-output>
        </test-method> <!-- tearDown -->
        <test-method is-config="true" signature="passDriver()[pri:0, instance:com.salesForce.Test.SDLCLoginTest@7714e963]" started-at="2024-12-16T10:18:12 CST" name="passDriver" finished-at="2024-12-16T10:18:15 CST" duration-ms="3515" status="PASS">
          <reporter-output>
          </reporter-output>
        </test-method> <!-- passDriver -->
        <test-method signature="loginErrorMsg()[pri:1, instance:com.salesForce.Test.SDLCLoginTest@7714e963]" started-at="2024-12-16T10:18:15 CST" name="loginErrorMsg" finished-at="2024-12-16T10:18:18 CST" duration-ms="2457" status="PASS">
          <reporter-output>
          </reporter-output>
        </test-method> <!-- loginErrorMsg -->
        <test-method is-config="true" signature="tearDown()[pri:0, instance:com.salesForce.Test.SDLCLoginTest@7714e963]" started-at="2024-12-16T10:18:18 CST" name="tearDown" finished-at="2024-12-16T10:18:18 CST" duration-ms="580" status="PASS">
          <reporter-output>
          </reporter-output>
        </test-method> <!-- tearDown -->
        <test-method is-config="true" signature="passDriver()[pri:0, instance:com.salesForce.Test.SDLCLoginTest@7714e963]" started-at="2024-12-16T10:18:18 CST" name="passDriver" finished-at="2024-12-16T10:18:21 CST" duration-ms="3156" status="PASS">
          <reporter-output>
          </reporter-output>
        </test-method> <!-- passDriver -->
        <test-method signature="loginToSalesForce()[pri:2, instance:com.salesForce.Test.SDLCLoginTest@7714e963]" started-at="2024-12-16T10:18:21 CST" name="loginToSalesForce" finished-at="2024-12-16T10:18:27 CST" duration-ms="5911" status="PASS">
          <reporter-output>
          </reporter-output>
        </test-method> <!-- loginToSalesForce -->
        <test-method is-config="true" signature="tearDown()[pri:0, instance:com.salesForce.Test.SDLCLoginTest@7714e963]" started-at="2024-12-16T10:18:27 CST" name="tearDown" finished-at="2024-12-16T10:18:27 CST" duration-ms="290" status="PASS">
          <reporter-output>
          </reporter-output>
        </test-method> <!-- tearDown -->
        <test-method is-config="true" signature="passDriver()[pri:0, instance:com.salesForce.Test.SDLCLoginTest@7714e963]" started-at="2024-12-16T10:18:27 CST" name="passDriver" finished-at="2024-12-16T10:18:31 CST" duration-ms="3485" status="PASS">
          <reporter-output>
          </reporter-output>
        </test-method> <!-- passDriver -->
        <test-method signature="checkRememberMe()[pri:3, instance:com.salesForce.Test.SDLCLoginTest@7714e963]" started-at="2024-12-16T10:18:31 CST" name="checkRememberMe" finished-at="2024-12-16T10:18:41 CST" duration-ms="9970" status="PASS">
          <reporter-output>
          </reporter-output>
        </test-method> <!-- checkRememberMe -->
        <test-method is-config="true" signature="tearDown()[pri:0, instance:com.salesForce.Test.SDLCLoginTest@7714e963]" started-at="2024-12-16T10:18:41 CST" name="tearDown" finished-at="2024-12-16T10:18:41 CST" duration-ms="386" status="PASS">
          <reporter-output>
          </reporter-output>
        </test-method> <!-- tearDown -->
        <test-method is-config="true" signature="passDriver()[pri:0, instance:com.salesForce.Test.SDLCLoginTest@7714e963]" started-at="2024-12-16T10:18:41 CST" name="passDriver" finished-at="2024-12-16T10:18:45 CST" duration-ms="3447" status="PASS">
          <reporter-output>
          </reporter-output>
        </test-method> <!-- passDriver -->
        <test-method signature="forgotPsw()[pri:4, instance:com.salesForce.Test.SDLCLoginTest@7714e963]" started-at="2024-12-16T10:18:45 CST" name="forgotPsw" finished-at="2024-12-16T10:18:47 CST" duration-ms="2292" status="PASS">
          <reporter-output>
          </reporter-output>
        </test-method> <!-- forgotPsw -->
        <test-method is-config="true" signature="tearDown()[pri:0, instance:com.salesForce.Test.SDLCLoginTest@7714e963]" started-at="2024-12-16T10:18:47 CST" name="tearDown" finished-at="2024-12-16T10:18:47 CST" duration-ms="428" status="PASS">
          <reporter-output>
          </reporter-output>
        </test-method> <!-- tearDown -->
      </class> <!-- com.salesForce.Test.SDLCLoginTest -->
    </test> <!-- SDLC Login -->
  </suite> <!-- SalesForece -->
</testng-results>
