<?xml version="1.0" encoding="UTF-8"?>
<testng-results ignored="0" total="5" passed="5" failed="0" skipped="0">
  <reporter-output>
  </reporter-output>
  <suite started-at="2024-12-14T22:56:19 CST" name="SalesForece" finished-at="2024-12-14T22:56:52 CST" duration-ms="33237">
    <groups>
    </groups>
    <test started-at="2024-12-14T22:56:19 CST" name="SDLC Login" finished-at="2024-12-14T22:56:52 CST" duration-ms="33237">
      <class name="com.salesForce.Test.SDLCLoginTest">
        <test-method is-config="true" signature="passDriver()[pri:0, instance:com.salesForce.Test.SDLCLoginTest@1dde4cb2]" started-at="2024-12-14T22:56:19 CST" name="passDriver" finished-at="2024-12-14T22:56:22 CST" duration-ms="3481" status="PASS">
          <reporter-output>
          </reporter-output>
        </test-method> <!-- passDriver -->
        <test-method signature="inCorrectCredentialErrorMsg()[pri:0, instance:com.salesForce.Test.SDLCLoginTest@1dde4cb2]" started-at="2024-12-14T22:56:22 CST" name="inCorrectCredentialErrorMsg" finished-at="2024-12-14T22:56:25 CST" duration-ms="3113" status="PASS">
          <reporter-output>
          </reporter-output>
        </test-method> <!-- inCorrectCredentialErrorMsg -->
        <test-method is-config="true" signature="tearDown()[pri:0, instance:com.salesForce.Test.SDLCLoginTest@1dde4cb2]" started-at="2024-12-14T22:56:25 CST" name="tearDown" finished-at="2024-12-14T22:56:25 CST" duration-ms="161" status="PASS">
          <reporter-output>
          </reporter-output>
        </test-method> <!-- tearDown -->
        <test-method is-config="true" signature="passDriver()[pri:0, instance:com.salesForce.Test.SDLCLoginTest@1dde4cb2]" started-at="2024-12-14T22:56:25 CST" name="passDriver" finished-at="2024-12-14T22:56:27 CST" duration-ms="1844" status="PASS">
          <reporter-output>
          </reporter-output>
        </test-method> <!-- passDriver -->
        <test-method signature="loginErrorMsg()[pri:1, instance:com.salesForce.Test.SDLCLoginTest@1dde4cb2]" started-at="2024-12-14T22:56:27 CST" name="loginErrorMsg" finished-at="2024-12-14T22:56:30 CST" duration-ms="2335" status="PASS">
          <reporter-output>
          </reporter-output>
        </test-method> <!-- loginErrorMsg -->
        <test-method is-config="true" signature="tearDown()[pri:0, instance:com.salesForce.Test.SDLCLoginTest@1dde4cb2]" started-at="2024-12-14T22:56:30 CST" name="tearDown" finished-at="2024-12-14T22:56:30 CST" duration-ms="97" status="PASS">
          <reporter-output>
          </reporter-output>
        </test-method> <!-- tearDown -->
        <test-method is-config="true" signature="passDriver()[pri:0, instance:com.salesForce.Test.SDLCLoginTest@1dde4cb2]" started-at="2024-12-14T22:56:30 CST" name="passDriver" finished-at="2024-12-14T22:56:32 CST" duration-ms="2080" status="PASS">
          <reporter-output>
          </reporter-output>
        </test-method> <!-- passDriver -->
        <test-method signature="loginToSalesForce()[pri:2, instance:com.salesForce.Test.SDLCLoginTest@1dde4cb2]" started-at="2024-12-14T22:56:32 CST" name="loginToSalesForce" finished-at="2024-12-14T22:56:37 CST" duration-ms="5719" status="PASS">
          <reporter-output>
          </reporter-output>
        </test-method> <!-- loginToSalesForce -->
        <test-method is-config="true" signature="tearDown()[pri:0, instance:com.salesForce.Test.SDLCLoginTest@1dde4cb2]" started-at="2024-12-14T22:56:37 CST" name="tearDown" finished-at="2024-12-14T22:56:38 CST" duration-ms="357" status="PASS">
          <reporter-output>
          </reporter-output>
        </test-method> <!-- tearDown -->
        <test-method is-config="true" signature="passDriver()[pri:0, instance:com.salesForce.Test.SDLCLoginTest@1dde4cb2]" started-at="2024-12-14T22:56:38 CST" name="passDriver" finished-at="2024-12-14T22:56:40 CST" duration-ms="2165" status="PASS">
          <reporter-output>
          </reporter-output>
        </test-method> <!-- passDriver -->
        <test-method signature="checkRememberMe()[pri:3, instance:com.salesForce.Test.SDLCLoginTest@1dde4cb2]" started-at="2024-12-14T22:56:40 CST" name="checkRememberMe" finished-at="2024-12-14T22:56:47 CST" duration-ms="6722" status="PASS">
          <reporter-output>
          </reporter-output>
        </test-method> <!-- checkRememberMe -->
        <test-method is-config="true" signature="tearDown()[pri:0, instance:com.salesForce.Test.SDLCLoginTest@1dde4cb2]" started-at="2024-12-14T22:56:47 CST" name="tearDown" finished-at="2024-12-14T22:56:47 CST" duration-ms="152" status="PASS">
          <reporter-output>
          </reporter-output>
        </test-method> <!-- tearDown -->
        <test-method is-config="true" signature="passDriver()[pri:0, instance:com.salesForce.Test.SDLCLoginTest@1dde4cb2]" started-at="2024-12-14T22:56:47 CST" name="passDriver" finished-at="2024-12-14T22:56:49 CST" duration-ms="2060" status="PASS">
          <reporter-output>
          </reporter-output>
        </test-method> <!-- passDriver -->
        <test-method signature="forgotPsw()[pri:4, instance:com.salesForce.Test.SDLCLoginTest@1dde4cb2]" started-at="2024-12-14T22:56:49 CST" name="forgotPsw" finished-at="2024-12-14T22:56:52 CST" duration-ms="2643" status="PASS">
          <reporter-output>
          </reporter-output>
        </test-method> <!-- forgotPsw -->
        <test-method is-config="true" signature="tearDown()[pri:0, instance:com.salesForce.Test.SDLCLoginTest@1dde4cb2]" started-at="2024-12-14T22:56:52 CST" name="tearDown" finished-at="2024-12-14T22:56:52 CST" duration-ms="184" status="PASS">
          <reporter-output>
          </reporter-output>
        </test-method> <!-- tearDown -->
      </class> <!-- com.salesForce.Test.SDLCLoginTest -->
    </test> <!-- SDLC Login -->
  </suite> <!-- SalesForece -->
</testng-results>
