<?xml version="1.0" encoding="UTF-8"?>
<testng-results ignored="7" total="9" passed="2" failed="0" skipped="0">
  <reporter-output>
  </reporter-output>
  <suite started-at="2025-03-13T14:47:16 CDT" name="Default suite" finished-at="2025-03-13T14:47:25 CDT" duration-ms="8962">
    <groups>
    </groups>
    <test started-at="2025-03-13T14:47:16 CDT" name="Default test" finished-at="2025-03-13T14:47:25 CDT" duration-ms="8962">
      <class name="com.salesForce.Test.SDLCLoginTest">
        <test-method is-config="true" signature="passDriver()[pri:0, instance:com.salesForce.Test.SDLCLoginTest@7e4204e2]" started-at="2025-03-13T14:47:17 CDT" name="passDriver" finished-at="2025-03-13T14:47:22 CDT" duration-ms="4838" status="PASS">
          <reporter-output>
          </reporter-output>
        </test-method> <!-- passDriver -->
        <test-method signature="inCorrectCredentialErrorMsgExcel(java.lang.String,java.lang.String)[pri:0, instance:com.salesForce.Test.SDLCLoginTest@7e4204e2]" started-at="2025-03-13T14:47:22 CDT" name="inCorrectCredentialErrorMsgExcel" data-provider="getUserLogindataFromExcel" finished-at="2025-03-13T14:47:22 CDT" duration-ms="945" status="PASS">
          <params>
            <param index="0">
              <value>
                <![CDATA[MotherMary]]>
              </value>
            </param>
            <param index="1">
              <value>
                <![CDATA[Welcome123]]>
              </value>
            </param>
          </params>
          <reporter-output>
          </reporter-output>
        </test-method> <!-- inCorrectCredentialErrorMsgExcel -->
        <test-method is-config="true" signature="tearDown()[pri:0, instance:com.salesForce.Test.SDLCLoginTest@7e4204e2]" started-at="2025-03-13T14:47:22 CDT" name="tearDown" finished-at="2025-03-13T14:47:23 CDT" duration-ms="86" status="PASS">
          <reporter-output>
          </reporter-output>
        </test-method> <!-- tearDown -->
        <test-method is-config="true" signature="passDriver()[pri:0, instance:com.salesForce.Test.SDLCLoginTest@7e4204e2]" started-at="2025-03-13T14:47:23 CDT" name="passDriver" finished-at="2025-03-13T14:47:24 CDT" duration-ms="1462" status="PASS">
          <reporter-output>
          </reporter-output>
        </test-method> <!-- passDriver -->
        <test-method signature="inCorrectCredentialErrorMsgExcel(java.lang.String,java.lang.String)[pri:0, instance:com.salesForce.Test.SDLCLoginTest@7e4204e2]" started-at="2025-03-13T14:47:24 CDT" name="inCorrectCredentialErrorMsgExcel" data-provider="getUserLogindataFromExcel" finished-at="2025-03-13T14:47:25 CDT" duration-ms="1118" status="PASS">
          <params>
            <param index="0">
              <value>
                <![CDATA[Test]]>
              </value>
            </param>
            <param index="1">
              <value>
                <![CDATA[Test123]]>
              </value>
            </param>
          </params>
          <reporter-output>
          </reporter-output>
        </test-method> <!-- inCorrectCredentialErrorMsgExcel -->
        <test-method is-config="true" signature="tearDown()[pri:0, instance:com.salesForce.Test.SDLCLoginTest@7e4204e2]" started-at="2025-03-13T14:47:25 CDT" name="tearDown" finished-at="2025-03-13T14:47:25 CDT" duration-ms="187" status="PASS">
          <reporter-output>
          </reporter-output>
        </test-method> <!-- tearDown -->
      </class> <!-- com.salesForce.Test.SDLCLoginTest -->
    </test> <!-- Default test -->
  </suite> <!-- Default suite -->
</testng-results>
