<?xml version="1.0" encoding="UTF-8"?>
<testng-results ignored="4" total="5" passed="1" failed="0" skipped="0">
  <reporter-output>
  </reporter-output>
  <suite started-at="2024-12-14T17:34:01 CST" name="Default suite" finished-at="2024-12-14T17:34:05 CST" duration-ms="4654">
    <groups>
    </groups>
    <test started-at="2024-12-14T17:34:01 CST" name="Default test" finished-at="2024-12-14T17:34:05 CST" duration-ms="4654">
      <class name="com.salesForce.Test.SDLCLoginTest">
        <test-method is-config="true" signature="passDriver()[pri:0, instance:com.salesForce.Test.SDLCLoginTest@55b7a4e0]" started-at="2024-12-14T17:34:01 CST" name="passDriver" finished-at="2024-12-14T17:34:03 CST" duration-ms="2337" status="PASS">
          <reporter-output>
          </reporter-output>
        </test-method> <!-- passDriver -->
        <test-method signature="loginErrorMsg()[pri:1, instance:com.salesForce.Test.SDLCLoginTest@55b7a4e0]" started-at="2024-12-14T17:34:03 CST" name="loginErrorMsg" finished-at="2024-12-14T17:34:05 CST" duration-ms="1982" status="PASS">
          <reporter-output>
          </reporter-output>
        </test-method> <!-- loginErrorMsg -->
        <test-method is-config="true" signature="tearDown()[pri:0, instance:com.salesForce.Test.SDLCLoginTest@55b7a4e0]" started-at="2024-12-14T17:34:05 CST" name="tearDown" finished-at="2024-12-14T17:34:05 CST" duration-ms="294" status="PASS">
          <reporter-output>
          </reporter-output>
        </test-method> <!-- tearDown -->
      </class> <!-- com.salesForce.Test.SDLCLoginTest -->
    </test> <!-- Default test -->
  </suite> <!-- Default suite -->
</testng-results>
